2025-04-21 15:58:01,954 - Graphiant_playbook - INFO - PortalUtils : templates_path : /Users/keshav/ws/graphiant-playbooks/configs/
2025-04-21 15:58:01,954 - Graphiant_playbook - INFO - PortalUtils : config_templates : /Users/keshav/ws/graphiant-playbooks/templates/
2025-04-21 15:58:01,954 - Graphiant_playbook - INFO - PortalUtils : logs_path : /Users/keshav/ws/graphiant-playbooks/logs/
2025-04-21 15:58:05,434 - Graphiant_playbook - INFO - Poller attempt: 1/12
2025-04-21 15:58:05,435 - Graphiant_playbook - INFO - Poller attempt: 1/12
2025-04-21 15:58:05,435 - Graphiant_playbook - INFO - Calling method put_device_config()...
2025-04-21 15:58:05,435 - Graphiant_playbook - INFO - Poller attempt: 1/12
2025-04-21 15:58:05,435 - Graphiant_playbook - INFO - Calling method put_device_config()...
2025-04-21 15:58:05,436 - Graphiant_playbook - INFO - Calling method put_device_config()...
2025-04-21 15:58:05,738 - Graphiant_playbook - INFO - put_device_config : config to be pushed for 30000051080: 
{'configuration_metadata': None,
 'core': None,
 'description': None,
 'edge': {'interfaces': {'GigabitEthernet5/0/0': {'interface': {'adminStatus': 'true',
                                                                'lan': 'default-10000000288'}},
                         'GigabitEthernet8/0/0': {'interface': {'adminStatus': 'true',
                                                                'subinterfaces': {'18': {'interface': {'adminStatus': 'true',
                                                                                                       'lan': 'default-10000000288',
                                                                                                       'vlan': 18}}}}}}},
 'local_web_server_password': None,
 'replace': None}
2025-04-21 15:58:06,413 - Graphiant_playbook - INFO - put_device_config : config to be pushed for 30000051081: 
{'configuration_metadata': None,
 'core': None,
 'description': None,
 'edge': {'interfaces': {'GigabitEthernet5/0/0': {'interface': {'adminStatus': 'true',
                                                                'lan': 'default-10000000288'}},
                         'GigabitEthernet8/0/0': {'interface': {'adminStatus': 'true',
                                                                'subinterfaces': {'28': {'interface': {'adminStatus': 'true',
                                                                                                       'lan': 'default-10000000288',
                                                                                                       'vlan': 28}}}}}}},
 'local_web_server_password': None,
 'replace': None}
2025-04-21 15:58:06,418 - Graphiant_playbook - INFO - put_device_config : config to be pushed for 30000051082: 
{'configuration_metadata': None,
 'core': None,
 'description': None,
 'edge': {'interfaces': {'GigabitEthernet5/0/0': {'interface': {'adminStatus': 'true',
                                                                'lan': 'default-10000000288'}},
                         'GigabitEthernet8/0/0': {'interface': {'adminStatus': 'true',
                                                                'lan': 'default-10000000288'}}}},
 'local_web_server_password': None,
 'replace': None}
2025-04-21 15:58:09,612 - Graphiant_playbook - INFO - Poller attempt: 1/12
2025-04-21 15:58:09,613 - Graphiant_playbook - INFO - Calling method put_device_config()...
2025-04-21 15:58:09,612 - Graphiant_playbook - INFO - Poller attempt: 1/12
2025-04-21 15:58:09,613 - Graphiant_playbook - INFO - Calling method put_device_config()...
2025-04-21 15:58:09,612 - Graphiant_playbook - INFO - Poller attempt: 1/12
2025-04-21 15:58:09,613 - Graphiant_playbook - INFO - Calling method put_device_config()...
2025-04-21 15:58:09,878 - Graphiant_playbook - INFO - put_device_config : Retrying,  30000051081 Portal Status: Configuring (Expected Ready)
2025-04-21 15:58:09,879 - Graphiant_playbook - INFO - Exception caught while calling method put_device_config(): put_device_config : Retrying,  30000051081 Portal Status: Configuring (Expected Ready)
2025-04-21 15:58:09,879 - Graphiant_playbook - INFO - Sleeping for 10 seconds before retry...
2025-04-21 15:58:09,883 - Graphiant_playbook - INFO - put_device_config : Retrying,  30000051080 Portal Status: Configuring (Expected Ready)
2025-04-21 15:58:09,883 - Graphiant_playbook - INFO - Exception caught while calling method put_device_config(): put_device_config : Retrying,  30000051080 Portal Status: Configuring (Expected Ready)
2025-04-21 15:58:09,883 - Graphiant_playbook - INFO - Sleeping for 10 seconds before retry...
2025-04-21 15:58:09,906 - Graphiant_playbook - INFO - put_device_config : config to be pushed for 30000051082: 
{'configuration_metadata': None,
 'core': None,
 'description': None,
 'edge': {'interfaces': {'GigabitEthernet5/0/0': {'interface': {'adminStatus': False,
                                                                'alias': '',
                                                                'description': '',
                                                                'maxTransmissionUnit': 1500}},
                         'GigabitEthernet8/0/0': {'interface': {'adminStatus': False,
                                                                'alias': '',
                                                                'description': '',
                                                                'maxTransmissionUnit': 1500}}}},
 'local_web_server_password': None,
 'replace': None}
2025-04-21 15:58:10,175 - Graphiant_playbook - WARNING - put_device_config : Exception While config push (428)
Reason: Precondition Required
HTTP response headers: HTTPHeaderDict({'Date': 'Mon, 21 Apr 2025 22:57:52 GMT', 'Content-Type': 'application/json; charset=utf-8', 'Content-Length': '298', 'Connection': 'keep-alive', 'Access-Control-Allow-Origin': '*', 'Referrer-Policy': 'no-referrer', 'Strict-Transport-Security': 'max-age=15552000; includeSubDomains', 'Access-Control-Allow-Methods': 'PATCH, DELETE, PUT, GET, POST, OPTIONS', 'Access-Control-Allow-Headers': 'Pragma, Authorization, Content-Type, Accept, Expires, Referer, Cache-Control, Baggage, Sentry-Trace', 'Content-Security-Policy': "default-src 'self';base-uri 'self';font-src 'self' https: data:;form-action 'self';frame-ancestors 'self';img-src 'self' data:;object-src 'none';script-src 'self';script-src-attr 'none';style-src 'self' https: 'unsafe-inline';upgrade-insecure-requests", 'Cross-Origin-Opener-Policy': 'same-origin', 'Cross-Origin-Resource-Policy': 'same-origin', 'Origin-Agent-Cluster': '?1', 'X-Content-Type-Options': 'nosniff', 'X-DNS-Prefetch-Control': 'off', 'X-Download-Options': 'noopen', 'X-Frame-Options': 'SAMEORIGIN', 'X-Permitted-Cross-Domain-Policies': 'none', 'X-XSS-Protection': '0', 'ETag': 'W/"12a-LZOy3Z0hMW/ZOxM72wTCbl7k4nU"', 'Set-Cookie': 'connect.sid=s%3AIbxVw1ExHgmiAAF-CoH3y8l9FjWu0J9y.LMyKs7Vu0BWLjXaLvHD3B325YyEAmGvcw8GdC4mZ8lg; Path=/; HttpOnly'})
HTTP response body: b'{"errorCode":9,"displayError":"this device is not ready for a configuration push. Please retry again in some time. Consider creating a draft configuration","detailedError":"this device is not ready for a configuration push. Please retry again in some time. Consider creating a draft configuration"}'

2025-04-21 15:58:10,175 - Graphiant_playbook - INFO - Exception caught while calling method put_device_config(): put_device_config : Retrying, Exception while config push to 30000051082
2025-04-21 15:58:10,175 - Graphiant_playbook - INFO - Sleeping for 10 seconds before retry...
2025-04-21 15:58:19,885 - Graphiant_playbook - INFO - Poller attempt: 2/12
2025-04-21 15:58:19,886 - Graphiant_playbook - INFO - Poller attempt: 2/12
2025-04-21 15:58:19,887 - Graphiant_playbook - INFO - Calling method put_device_config()...
2025-04-21 15:58:19,887 - Graphiant_playbook - INFO - Calling method put_device_config()...
2025-04-21 15:58:20,162 - Graphiant_playbook - INFO - put_device_config : Retrying,  30000051080 Portal Status: Configuring (Expected Ready)
2025-04-21 15:58:20,162 - Graphiant_playbook - INFO - Exception caught while calling method put_device_config(): put_device_config : Retrying,  30000051080 Portal Status: Configuring (Expected Ready)
2025-04-21 15:58:20,163 - Graphiant_playbook - INFO - Sleeping for 10 seconds before retry...
2025-04-21 15:58:20,180 - Graphiant_playbook - INFO - Poller attempt: 2/12
2025-04-21 15:58:20,180 - Graphiant_playbook - INFO - Calling method put_device_config()...
2025-04-21 15:58:20,451 - Graphiant_playbook - INFO - put_device_config : Retrying,  30000051082 Portal Status: Configuring (Expected Ready)
2025-04-21 15:58:20,452 - Graphiant_playbook - INFO - Exception caught while calling method put_device_config(): put_device_config : Retrying,  30000051082 Portal Status: Configuring (Expected Ready)
2025-04-21 15:58:20,452 - Graphiant_playbook - INFO - Sleeping for 10 seconds before retry...
2025-04-21 15:58:30,165 - Graphiant_playbook - INFO - Poller attempt: 3/12
2025-04-21 15:58:30,166 - Graphiant_playbook - INFO - Calling method put_device_config()...
2025-04-21 15:58:30,455 - Graphiant_playbook - INFO - put_device_config : Retrying,  30000051080 Portal Status: Configuring (Expected Ready)
2025-04-21 15:58:30,456 - Graphiant_playbook - INFO - Exception caught while calling method put_device_config(): put_device_config : Retrying,  30000051080 Portal Status: Configuring (Expected Ready)
2025-04-21 15:58:30,456 - Graphiant_playbook - INFO - Sleeping for 10 seconds before retry...
2025-04-21 15:58:30,457 - Graphiant_playbook - INFO - Poller attempt: 3/12
2025-04-21 15:58:30,457 - Graphiant_playbook - INFO - Calling method put_device_config()...
2025-04-21 15:58:30,738 - Graphiant_playbook - INFO - put_device_config : Retrying,  30000051082 Portal Status: Configuring (Expected Ready)
2025-04-21 15:58:30,738 - Graphiant_playbook - INFO - Exception caught while calling method put_device_config(): put_device_config : Retrying,  30000051082 Portal Status: Configuring (Expected Ready)
2025-04-21 15:58:30,738 - Graphiant_playbook - INFO - Sleeping for 10 seconds before retry...
2025-04-21 15:58:40,463 - Graphiant_playbook - INFO - Poller attempt: 4/12
2025-04-21 15:58:40,463 - Graphiant_playbook - INFO - Calling method put_device_config()...
2025-04-21 15:58:40,743 - Graphiant_playbook - INFO - Poller attempt: 4/12
2025-04-21 15:58:40,744 - Graphiant_playbook - INFO - Calling method put_device_config()...
2025-04-21 15:58:40,755 - Graphiant_playbook - INFO - put_device_config : Retrying,  30000051080 Portal Status: Configuring (Expected Ready)
2025-04-21 15:58:40,756 - Graphiant_playbook - INFO - Exception caught while calling method put_device_config(): put_device_config : Retrying,  30000051080 Portal Status: Configuring (Expected Ready)
2025-04-21 15:58:40,756 - Graphiant_playbook - INFO - Sleeping for 10 seconds before retry...
2025-04-21 15:58:41,009 - Graphiant_playbook - INFO - put_device_config : Retrying,  30000051082 Portal Status: Configuring (Expected Ready)
2025-04-21 15:58:41,009 - Graphiant_playbook - INFO - Exception caught while calling method put_device_config(): put_device_config : Retrying,  30000051082 Portal Status: Configuring (Expected Ready)
2025-04-21 15:58:41,009 - Graphiant_playbook - INFO - Sleeping for 10 seconds before retry...
2025-04-21 15:58:50,758 - Graphiant_playbook - INFO - Poller attempt: 5/12
2025-04-21 15:58:50,758 - Graphiant_playbook - INFO - Calling method put_device_config()...
2025-04-21 15:58:51,012 - Graphiant_playbook - INFO - put_device_config : config to be pushed for 30000051080: 
{'configuration_metadata': None,
 'core': None,
 'description': None,
 'edge': {'interfaces': {'GigabitEthernet5/0/0': {'interface': {'adminStatus': False,
                                                                'alias': '',
                                                                'description': '',
                                                                'maxTransmissionUnit': 1500}},
                         'GigabitEthernet8/0/0': {'interface': {'adminStatus': 'true',
                                                                'subinterfaces': {'18': {'interface': None}}}}}},
 'local_web_server_password': None,
 'replace': None}
2025-04-21 15:58:51,013 - Graphiant_playbook - INFO - Poller attempt: 5/12
2025-04-21 15:58:51,013 - Graphiant_playbook - INFO - Calling method put_device_config()...
2025-04-21 15:58:51,285 - Graphiant_playbook - INFO - put_device_config : config to be pushed for 30000051082: 
{'configuration_metadata': None,
 'core': None,
 'description': None,
 'edge': {'interfaces': {'GigabitEthernet5/0/0': {'interface': {'adminStatus': False,
                                                                'alias': '',
                                                                'description': '',
                                                                'maxTransmissionUnit': 1500}},
                         'GigabitEthernet8/0/0': {'interface': {'adminStatus': False,
                                                                'alias': '',
                                                                'description': '',
                                                                'maxTransmissionUnit': 1500}}}},
 'local_web_server_password': None,
 'replace': None}
2025-04-21 15:59:40,360 - Graphiant_playbook - INFO - put_device_config : config to be pushed for 30000051081: 
{'configuration_metadata': None,
 'core': None,
 'description': None,
 'edge': {'interfaces': {'GigabitEthernet5/0/0': {'interface': {'adminStatus': False,
                                                                'alias': '',
                                                                'description': '',
                                                                'maxTransmissionUnit': 1500}},
                         'GigabitEthernet8/0/0': {'interface': {'adminStatus': 'true',
                                                                'subinterfaces': {'28': {'interface': None}}}}}},
 'local_web_server_password': None,
 'replace': None}
