2025-04-22 11:34:42,444 - Graphiant_playbook - INFO - PortalUtils : templates_path : /Users/keshav/ws/graphiant-playbooks/configs/
2025-04-22 11:34:42,444 - Graphiant_playbook - INFO - PortalUtils : config_templates : /Users/keshav/ws/graphiant-playbooks/templates/
2025-04-22 11:34:42,444 - Graphiant_playbook - INFO - PortalUtils : logs_path : /Users/keshav/ws/graphiant-playbooks/logs/
2025-04-22 11:34:44,328 - Graphiant_playbook - INFO - Poller attempt: 1/12
2025-04-22 11:34:44,329 - Graphiant_playbook - INFO - Calling method put_device_config()...
2025-04-22 11:34:44,329 - Graphiant_playbook - INFO - Poller attempt: 1/12
2025-04-22 11:34:44,329 - Graphiant_playbook - INFO - Poller attempt: 1/12
2025-04-22 11:34:44,329 - Graphiant_playbook - INFO - Calling method put_device_config()...
2025-04-22 11:34:44,330 - Graphiant_playbook - INFO - Calling method put_device_config()...
2025-04-22 11:34:44,451 - Graphiant_playbook - INFO - put_device_config : config to be pushed for 30000051080: 
{'configuration_metadata': None,
 'core': None,
 'description': None,
 'edge': {'interfaces': {'GigabitEthernet5/0/0': {'interface': {'adminStatus': 'true',
                                                                'lan': 'default-10000000288'}},
                         'GigabitEthernet8/0/0': {'interface': {'adminStatus': 'true',
                                                                'subinterfaces': {'18': {'interface': {'adminStatus': 'true',
                                                                                                       'lan': 'default-10000000288',
                                                                                                       'vlan': 18}}}}}}},
 'local_web_server_password': None,
 'replace': None}
2025-04-22 11:34:44,736 - Graphiant_playbook - INFO - put_device_config : config to be pushed for 30000051082: 
{'configuration_metadata': None,
 'core': None,
 'description': None,
 'edge': {'interfaces': {'GigabitEthernet5/0/0': {'interface': {'adminStatus': 'true',
                                                                'lan': 'default-10000000288'}},
                         'GigabitEthernet8/0/0': {'interface': {'adminStatus': 'true',
                                                                'lan': 'default-10000000288'}}}},
 'local_web_server_password': None,
 'replace': None}
2025-04-22 11:34:44,738 - Graphiant_playbook - INFO - put_device_config : config to be pushed for 30000051081: 
{'configuration_metadata': None,
 'core': None,
 'description': None,
 'edge': {'interfaces': {'GigabitEthernet5/0/0': {'interface': {'adminStatus': 'true',
                                                                'lan': 'default-10000000288'}},
                         'GigabitEthernet8/0/0': {'interface': {'adminStatus': 'true',
                                                                'subinterfaces': {'28': {'interface': {'adminStatus': 'true',
                                                                                                       'lan': 'default-10000000288',
                                                                                                       'vlan': 28}}}}}}},
 'local_web_server_password': None,
 'replace': None}
2025-04-22 11:34:47,595 - Graphiant_playbook - INFO - Poller attempt: 1/12
2025-04-22 11:34:47,596 - Graphiant_playbook - INFO - Poller attempt: 1/12
2025-04-22 11:34:47,596 - Graphiant_playbook - INFO - Calling method put_device_config()...
2025-04-22 11:34:47,596 - Graphiant_playbook - INFO - Poller attempt: 1/12
2025-04-22 11:34:47,597 - Graphiant_playbook - INFO - Calling method put_device_config()...
2025-04-22 11:34:47,596 - Graphiant_playbook - INFO - Calling method put_device_config()...
2025-04-22 11:34:47,718 - Graphiant_playbook - INFO - put_device_config : Retrying,  30000051082 Portal Status: Configuring (Expected Ready)
2025-04-22 11:34:47,718 - Graphiant_playbook - INFO - Exception caught while calling method put_device_config(): put_device_config : Retrying,  30000051082 Portal Status: Configuring (Expected Ready)
2025-04-22 11:34:47,718 - Graphiant_playbook - INFO - Sleeping for 10 seconds before retry...
2025-04-22 11:34:47,739 - Graphiant_playbook - INFO - put_device_config : Retrying,  30000051080 Portal Status: Configuring (Expected Ready)
2025-04-22 11:34:47,739 - Graphiant_playbook - INFO - Exception caught while calling method put_device_config(): put_device_config : Retrying,  30000051080 Portal Status: Configuring (Expected Ready)
2025-04-22 11:34:47,739 - Graphiant_playbook - INFO - Sleeping for 10 seconds before retry...
2025-04-22 11:34:47,742 - Graphiant_playbook - INFO - put_device_config : config to be pushed for 30000051081: 
{'configuration_metadata': None,
 'core': None,
 'description': None,
 'edge': {'interfaces': {'GigabitEthernet5/0/0': {'interface': {'adminStatus': False,
                                                                'alias': '',
                                                                'description': '',
                                                                'maxTransmissionUnit': 1500}},
                         'GigabitEthernet8/0/0': {'interface': {'adminStatus': 'true',
                                                                'subinterfaces': {'28': {'interface': None}}}}}},
 'local_web_server_password': None,
 'replace': None}
2025-04-22 11:34:47,857 - Graphiant_playbook - WARNING - put_device_config : Exception While config push (428)
Reason: Precondition Required
HTTP response headers: HTTPHeaderDict({'Date': 'Tue, 22 Apr 2025 18:34:29 GMT', 'Content-Type': 'application/json; charset=utf-8', 'Content-Length': '298', 'Connection': 'keep-alive', 'Access-Control-Allow-Origin': '*', 'Referrer-Policy': 'no-referrer', 'Strict-Transport-Security': 'max-age=15552000; includeSubDomains', 'Access-Control-Allow-Methods': 'PATCH, DELETE, PUT, GET, POST, OPTIONS', 'Access-Control-Allow-Headers': 'Pragma, Authorization, Content-Type, Accept, Expires, Referer, Cache-Control, Baggage, Sentry-Trace', 'Content-Security-Policy': "default-src 'self';base-uri 'self';font-src 'self' https: data:;form-action 'self';frame-ancestors 'self';img-src 'self' data:;object-src 'none';script-src 'self';script-src-attr 'none';style-src 'self' https: 'unsafe-inline';upgrade-insecure-requests", 'Cross-Origin-Opener-Policy': 'same-origin', 'Cross-Origin-Resource-Policy': 'same-origin', 'Origin-Agent-Cluster': '?1', 'X-Content-Type-Options': 'nosniff', 'X-DNS-Prefetch-Control': 'off', 'X-Download-Options': 'noopen', 'X-Frame-Options': 'SAMEORIGIN', 'X-Permitted-Cross-Domain-Policies': 'none', 'X-XSS-Protection': '0', 'ETag': 'W/"12a-LZOy3Z0hMW/ZOxM72wTCbl7k4nU"', 'Set-Cookie': 'connect.sid=s%3AwLin4LlrigzoOYEwNyaCB7RG-X4RZKmG.GBf1%2F3YzAH29FaKP0fS6izuLWqcJBt%2Fn3trlHuaQYh0; Path=/; HttpOnly'})
HTTP response body: b'{"errorCode":9,"displayError":"this device is not ready for a configuration push. Please retry again in some time. Consider creating a draft configuration","detailedError":"this device is not ready for a configuration push. Please retry again in some time. Consider creating a draft configuration"}'

2025-04-22 11:34:47,857 - Graphiant_playbook - INFO - Exception caught while calling method put_device_config(): put_device_config : Retrying, Exception while config push to 30000051081
2025-04-22 11:34:47,857 - Graphiant_playbook - INFO - Sleeping for 10 seconds before retry...
2025-04-22 11:34:57,724 - Graphiant_playbook - INFO - Poller attempt: 2/12
2025-04-22 11:34:57,724 - Graphiant_playbook - INFO - Calling method put_device_config()...
2025-04-22 11:34:57,744 - Graphiant_playbook - INFO - Poller attempt: 2/12
2025-04-22 11:34:57,744 - Graphiant_playbook - INFO - Calling method put_device_config()...
2025-04-22 11:34:57,859 - Graphiant_playbook - INFO - Poller attempt: 2/12
2025-04-22 11:34:57,859 - Graphiant_playbook - INFO - Calling method put_device_config()...
2025-04-22 11:34:57,880 - Graphiant_playbook - INFO - put_device_config : Retrying,  30000051082 Portal Status: Configuring (Expected Ready)
2025-04-22 11:34:57,880 - Graphiant_playbook - INFO - Exception caught while calling method put_device_config(): put_device_config : Retrying,  30000051082 Portal Status: Configuring (Expected Ready)
2025-04-22 11:34:57,880 - Graphiant_playbook - INFO - Sleeping for 10 seconds before retry...
2025-04-22 11:34:57,884 - Graphiant_playbook - INFO - put_device_config : Retrying,  30000051080 Portal Status: Configuring (Expected Ready)
2025-04-22 11:34:57,884 - Graphiant_playbook - INFO - Exception caught while calling method put_device_config(): put_device_config : Retrying,  30000051080 Portal Status: Configuring (Expected Ready)
2025-04-22 11:34:57,884 - Graphiant_playbook - INFO - Sleeping for 10 seconds before retry...
2025-04-22 11:34:57,971 - Graphiant_playbook - INFO - put_device_config : Retrying,  30000051081 Portal Status: Configuring (Expected Ready)
2025-04-22 11:34:57,971 - Graphiant_playbook - INFO - Exception caught while calling method put_device_config(): put_device_config : Retrying,  30000051081 Portal Status: Configuring (Expected Ready)
2025-04-22 11:34:57,972 - Graphiant_playbook - INFO - Sleeping for 10 seconds before retry...
2025-04-22 11:35:07,886 - Graphiant_playbook - INFO - Poller attempt: 3/12
2025-04-22 11:35:07,886 - Graphiant_playbook - INFO - Poller attempt: 3/12
2025-04-22 11:35:07,887 - Graphiant_playbook - INFO - Calling method put_device_config()...
2025-04-22 11:35:07,887 - Graphiant_playbook - INFO - Calling method put_device_config()...
2025-04-22 11:35:07,977 - Graphiant_playbook - INFO - Poller attempt: 3/12
2025-04-22 11:35:07,977 - Graphiant_playbook - INFO - Calling method put_device_config()...
2025-04-22 11:35:08,009 - Graphiant_playbook - INFO - put_device_config : Retrying,  30000051080 Portal Status: Configuring (Expected Ready)
2025-04-22 11:35:08,009 - Graphiant_playbook - INFO - Exception caught while calling method put_device_config(): put_device_config : Retrying,  30000051080 Portal Status: Configuring (Expected Ready)
2025-04-22 11:35:08,009 - Graphiant_playbook - INFO - Sleeping for 10 seconds before retry...
2025-04-22 11:35:08,012 - Graphiant_playbook - INFO - put_device_config : Retrying,  30000051082 Portal Status: Configuring (Expected Ready)
2025-04-22 11:35:08,012 - Graphiant_playbook - INFO - Exception caught while calling method put_device_config(): put_device_config : Retrying,  30000051082 Portal Status: Configuring (Expected Ready)
2025-04-22 11:35:08,012 - Graphiant_playbook - INFO - Sleeping for 10 seconds before retry...
2025-04-22 11:35:08,100 - Graphiant_playbook - INFO - put_device_config : Retrying,  30000051081 Portal Status: Configuring (Expected Ready)
2025-04-22 11:35:08,100 - Graphiant_playbook - INFO - Exception caught while calling method put_device_config(): put_device_config : Retrying,  30000051081 Portal Status: Configuring (Expected Ready)
2025-04-22 11:35:08,100 - Graphiant_playbook - INFO - Sleeping for 10 seconds before retry...
2025-04-22 11:35:18,014 - Graphiant_playbook - INFO - Poller attempt: 4/12
2025-04-22 11:35:18,014 - Graphiant_playbook - INFO - Poller attempt: 4/12
2025-04-22 11:35:18,015 - Graphiant_playbook - INFO - Calling method put_device_config()...
2025-04-22 11:35:18,015 - Graphiant_playbook - INFO - Calling method put_device_config()...
2025-04-22 11:35:18,102 - Graphiant_playbook - INFO - Poller attempt: 4/12
2025-04-22 11:35:18,103 - Graphiant_playbook - INFO - Calling method put_device_config()...
2025-04-22 11:35:18,160 - Graphiant_playbook - INFO - put_device_config : Retrying,  30000051082 Portal Status: Configuring (Expected Ready)
2025-04-22 11:35:18,160 - Graphiant_playbook - INFO - Exception caught while calling method put_device_config(): put_device_config : Retrying,  30000051082 Portal Status: Configuring (Expected Ready)
2025-04-22 11:35:18,160 - Graphiant_playbook - INFO - Sleeping for 10 seconds before retry...
2025-04-22 11:35:18,162 - Graphiant_playbook - INFO - put_device_config : Retrying,  30000051080 Portal Status: Configuring (Expected Ready)
2025-04-22 11:35:18,163 - Graphiant_playbook - INFO - Exception caught while calling method put_device_config(): put_device_config : Retrying,  30000051080 Portal Status: Configuring (Expected Ready)
2025-04-22 11:35:18,163 - Graphiant_playbook - INFO - Sleeping for 10 seconds before retry...
2025-04-22 11:35:18,250 - Graphiant_playbook - INFO - put_device_config : Retrying,  30000051081 Portal Status: Configuring (Expected Ready)
2025-04-22 11:35:18,251 - Graphiant_playbook - INFO - Exception caught while calling method put_device_config(): put_device_config : Retrying,  30000051081 Portal Status: Configuring (Expected Ready)
2025-04-22 11:35:18,251 - Graphiant_playbook - INFO - Sleeping for 10 seconds before retry...
2025-04-22 11:35:28,165 - Graphiant_playbook - INFO - Poller attempt: 5/12
2025-04-22 11:35:28,165 - Graphiant_playbook - INFO - Calling method put_device_config()...
2025-04-22 11:35:28,166 - Graphiant_playbook - INFO - Poller attempt: 5/12
2025-04-22 11:35:28,166 - Graphiant_playbook - INFO - Calling method put_device_config()...
2025-04-22 11:35:28,255 - Graphiant_playbook - INFO - Poller attempt: 5/12
2025-04-22 11:35:28,256 - Graphiant_playbook - INFO - Calling method put_device_config()...
2025-04-22 11:35:28,292 - Graphiant_playbook - INFO - put_device_config : config to be pushed for 30000051080: 
{'configuration_metadata': None,
 'core': None,
 'description': None,
 'edge': {'interfaces': {'GigabitEthernet5/0/0': {'interface': {'adminStatus': False,
                                                                'alias': '',
                                                                'description': '',
                                                                'maxTransmissionUnit': 1500}},
                         'GigabitEthernet8/0/0': {'interface': {'adminStatus': 'true',
                                                                'subinterfaces': {'18': {'interface': None}}}}}},
 'local_web_server_password': None,
 'replace': None}
2025-04-22 11:35:28,295 - Graphiant_playbook - INFO - put_device_config : config to be pushed for 30000051082: 
{'configuration_metadata': None,
 'core': None,
 'description': None,
 'edge': {'interfaces': {'GigabitEthernet5/0/0': {'interface': {'adminStatus': False,
                                                                'alias': '',
                                                                'description': '',
                                                                'maxTransmissionUnit': 1500}},
                         'GigabitEthernet8/0/0': {'interface': {'adminStatus': False,
                                                                'alias': '',
                                                                'description': '',
                                                                'maxTransmissionUnit': 1500}}}},
 'local_web_server_password': None,
 'replace': None}
2025-04-22 11:35:28,382 - Graphiant_playbook - INFO - put_device_config : config to be pushed for 30000051081: 
{'configuration_metadata': None,
 'core': None,
 'description': None,
 'edge': {'interfaces': {'GigabitEthernet5/0/0': {'interface': {'adminStatus': False,
                                                                'alias': '',
                                                                'description': '',
                                                                'maxTransmissionUnit': 1500}},
                         'GigabitEthernet8/0/0': {'interface': {'adminStatus': 'true',
                                                                'subinterfaces': {'28': {'interface': None}}}}}},
 'local_web_server_password': None,
 'replace': None}
