2025-04-22 10:59:31,352 - Graphiant_playbook - INFO - PortalUtils : templates_path : /Users/keshav/ws/graphiant-playbooks/configs/
2025-04-22 10:59:31,352 - Graphiant_playbook - INFO - PortalUtils : config_templates : /Users/keshav/ws/graphiant-playbooks/templates/
2025-04-22 10:59:31,352 - Graphiant_playbook - INFO - PortalUtils : logs_path : /Users/keshav/ws/graphiant-playbooks/logs/
2025-04-22 10:59:33,085 - Graphiant_playbook - INFO - Poller attempt: 1/12
2025-04-22 10:59:33,085 - Graphiant_playbook - INFO - Poller attempt: 1/12
2025-04-22 10:59:33,085 - Graphiant_playbook - INFO - Calling method put_device_config()...
2025-04-22 10:59:33,085 - Graphiant_playbook - INFO - Poller attempt: 1/12
2025-04-22 10:59:33,085 - Graphiant_playbook - INFO - Calling method put_device_config()...
2025-04-22 10:59:33,086 - Graphiant_playbook - INFO - Calling method put_device_config()...
2025-04-22 10:59:33,204 - Graphiant_playbook - INFO - put_device_config : config to be pushed for 30000051080: 
{'configuration_metadata': None,
 'core': None,
 'description': None,
 'edge': {'circuits': {'c-gigabitethernet5-0-0': {'connectionType': 'internet_dia',
                                                  'coreLogicalInterfaces': [],
                                                  'description': 'c-gigabitethernet5-0-0',
                                                  'diaEnabled': False,
                                                  'diaSnmpIndex': 0,
                                                  'interfaceName': '',
                                                  'label': 'internet_dia_4',
                                                  'linkDownSpeedMbps': '100',
                                                  'linkUpSpeedMbps': '50',
                                                  'name': 'c-gigabitethernet5-0-0',
                                                  'patAddresses': [],
                                                  'qosProfile': 'gold25',
                                                  'qosProfileType': 'balanced',
                                                  'snmpIndex': 0,
                                                  'staticRoutes': []}},
          'interfaces': {'GigabitEthernet5/0/0': {'interface': {'adminStatus': 'true',
                                                                'circuit': 'c-gigabitethernet5-0-0',
                                                                'description': 'c-gigabitethernet5-0-0',
                                                                'ipv4': {'dhcp': {'dhcpClient': 'True'}},
                                                                'ipv6': {'dhcp': {'dhcpClient': 'true'}},
                                                                'maxTransmissionUnit': 1500}},
                         'GigabitEthernet8/0/0': {'interface': {'adminStatus': 'true',
                                                                'subinterfaces': {'18': {'interface': {'adminStatus': 'true',
                                                                                                       'alias': '18_lan-7-canva',
                                                                                                       'description': '18_lan-7-canva',
                                                                                                       'ipv4': {'address': {'address': '10.1.7.1/24'}},
                                                                                                       'ipv6': {'address': {'address': '2001:10:1:7::1/64'}},
                                                                                                       'lan': 'lan-7-canva',
                                                                                                       'vlan': 18}}}}}}},
 'local_web_server_password': None,
 'replace': None}
2025-04-22 10:59:33,424 - Graphiant_playbook - INFO - put_device_config : config to be pushed for 30000051081: 
{'configuration_metadata': None,
 'core': None,
 'description': None,
 'edge': {'circuits': {'c-gigabitethernet5-0-0': {'connectionType': 'internet_dia',
                                                  'coreLogicalInterfaces': [],
                                                  'description': 'c-gigabitethernet5-0-0',
                                                  'diaEnabled': False,
                                                  'diaSnmpIndex': 0,
                                                  'interfaceName': '',
                                                  'label': 'internet_dia_4',
                                                  'linkDownSpeedMbps': '100',
                                                  'linkUpSpeedMbps': '50',
                                                  'name': 'c-gigabitethernet5-0-0',
                                                  'patAddresses': [],
                                                  'qosProfile': 'gold25',
                                                  'qosProfileType': 'balanced',
                                                  'snmpIndex': 0,
                                                  'staticRoutes': []}},
          'interfaces': {'GigabitEthernet5/0/0': {'interface': {'adminStatus': 'true',
                                                                'circuit': 'c-gigabitethernet5-0-0',
                                                                'description': 'c-gigabitethernet5-0-0',
                                                                'ipv4': {'address': {'address': '100.200.2.1/24'}},
                                                                'ipv6': {'dhcp': {'dhcpClient': 'true'}},
                                                                'maxTransmissionUnit': 1500}},
                         'GigabitEthernet8/0/0': {'interface': {'adminStatus': 'true',
                                                                'subinterfaces': {'28': {'interface': {'adminStatus': 'true',
                                                                                                       'alias': '28_lan-7-canva',
                                                                                                       'description': '28_lan-7-canva',
                                                                                                       'ipv4': {'address': {'address': '10.1.7.3/24'}},
                                                                                                       'ipv6': {'address': {'address': '2001:10:1:7::3/64'}},
                                                                                                       'lan': 'lan-7-canva',
                                                                                                       'vlan': 28}}}}}}},
 'local_web_server_password': None,
 'replace': None}
2025-04-22 10:59:33,428 - Graphiant_playbook - INFO - put_device_config : config to be pushed for 30000051082: 
{'configuration_metadata': None,
 'core': None,
 'description': None,
 'edge': {'circuits': {'c-gigabitethernet5-0-0': {'connectionType': 'internet_dia',
                                                  'coreLogicalInterfaces': [],
                                                  'description': 'c-gigabitethernet5-0-0',
                                                  'diaEnabled': False,
                                                  'diaSnmpIndex': 0,
                                                  'interfaceName': '',
                                                  'label': 'internet_dia_4',
                                                  'linkDownSpeedMbps': '100',
                                                  'linkUpSpeedMbps': '50',
                                                  'name': 'c-gigabitethernet5-0-0',
                                                  'patAddresses': [],
                                                  'qosProfile': 'gold25',
                                                  'qosProfileType': 'balanced',
                                                  'snmpIndex': 0,
                                                  'staticRoutes': []}},
          'interfaces': {'GigabitEthernet5/0/0': {'interface': {'adminStatus': 'true',
                                                                'circuit': 'c-gigabitethernet5-0-0',
                                                                'description': 'c-gigabitethernet5-0-0',
                                                                'ipv4': {'address': {'address': '100.200.1.1/24'}},
                                                                'ipv6': {'dhcp': {'dhcpClient': 'true'}},
                                                                'maxTransmissionUnit': 1500}},
                         'GigabitEthernet8/0/0': {'interface': {'adminStatus': 'true',
                                                                'alias': 'lan-7-canva',
                                                                'description': 'lan-7-canva',
                                                                'ipv4': {'address': {'address': '10.1.7.2/24'}},
                                                                'ipv6': {'address': {'address': '2001:10:1:7::2/64'}},
                                                                'lan': 'lan-7-canva',
                                                                'maxTransmissionUnit': 9000}}}},
 'local_web_server_password': None,
 'replace': None}
