2025-04-21 15:25:33,518 - Graphiant_playbook - INFO - PortalUtils : templates_path : /Users/keshav/ws/graphiant-playbooks/configs/
2025-04-21 15:25:33,519 - Graphiant_playbook - INFO - PortalUtils : config_templates : /Users/keshav/ws/graphiant-playbooks/templates/
2025-04-21 15:25:33,519 - Graphiant_playbook - INFO - PortalUtils : logs_path : /Users/keshav/ws/graphiant-playbooks/logs/
2025-04-21 15:25:35,862 - Graphiant_playbook - INFO - Poller attempt: 1/12
2025-04-21 15:25:35,863 - Graphiant_playbook - INFO - Calling method put_device_config()...
2025-04-21 15:25:36,117 - Graphiant_playbook - INFO - put_device_config : config to be pushed for 30000051080: 
{'configuration_metadata': None,
 'core': None,
 'description': None,
 'edge': {'interfaces': {'GigabitEthernet5/0/0': {'interface': {'lan': 'default-10000000288'}},
                         'GigabitEthernet8/0/0': {'interface': {'lan': 'default-10000000288'}}}},
 'local_web_server_password': None,
 'replace': None}
2025-04-21 15:25:38,517 - Graphiant_playbook - INFO - Poller attempt: 1/12
2025-04-21 15:25:38,517 - Graphiant_playbook - INFO - Calling method put_device_config()...
2025-04-21 15:25:38,764 - Graphiant_playbook - INFO - put_device_config : config to be pushed for 30000051080: 
{'configuration_metadata': None,
 'core': None,
 'description': None,
 'edge': {'interfaces': {'GigabitEthernet5/0/0': {'interface': {'adminStatus': False,
                                                                'description': '',
                                                                'maxTransmissionUnit': 1500}},
                         'GigabitEthernet8/0/0': {'interface': {'adminStatus': False,
                                                                'description': '',
                                                                'maxTransmissionUnit': 1500}}}},
 'local_web_server_password': None,
 'replace': None}
2025-04-21 15:25:39,022 - Graphiant_playbook - WARNING - put_device_config : Exception While config push (428)
Reason: Precondition Required
HTTP response headers: HTTPHeaderDict({'Date': 'Mon, 21 Apr 2025 22:25:21 GMT', 'Content-Type': 'application/json; charset=utf-8', 'Content-Length': '298', 'Connection': 'keep-alive', 'Access-Control-Allow-Origin': '*', 'Referrer-Policy': 'no-referrer', 'Strict-Transport-Security': 'max-age=15552000; includeSubDomains', 'Access-Control-Allow-Methods': 'PATCH, DELETE, PUT, GET, POST, OPTIONS', 'Access-Control-Allow-Headers': 'Pragma, Authorization, Content-Type, Accept, Expires, Referer, Cache-Control, Baggage, Sentry-Trace', 'Content-Security-Policy': "default-src 'self';base-uri 'self';font-src 'self' https: data:;form-action 'self';frame-ancestors 'self';img-src 'self' data:;object-src 'none';script-src 'self';script-src-attr 'none';style-src 'self' https: 'unsafe-inline';upgrade-insecure-requests", 'Cross-Origin-Opener-Policy': 'same-origin', 'Cross-Origin-Resource-Policy': 'same-origin', 'Origin-Agent-Cluster': '?1', 'X-Content-Type-Options': 'nosniff', 'X-DNS-Prefetch-Control': 'off', 'X-Download-Options': 'noopen', 'X-Frame-Options': 'SAMEORIGIN', 'X-Permitted-Cross-Domain-Policies': 'none', 'X-XSS-Protection': '0', 'ETag': 'W/"12a-LZOy3Z0hMW/ZOxM72wTCbl7k4nU"', 'Set-Cookie': 'connect.sid=s%3AUkvylkjv5_7plkp4catoSup-CCiqhnMK.Og%2FQYMotb81j1Bs0IIunBdWzBaAJ%2Fdr%2BEb%2BPL1XqWPw; Path=/; HttpOnly'})
HTTP response body: b'{"errorCode":9,"displayError":"this device is not ready for a configuration push. Please retry again in some time. Consider creating a draft configuration","detailedError":"this device is not ready for a configuration push. Please retry again in some time. Consider creating a draft configuration"}'

2025-04-21 15:25:39,022 - Graphiant_playbook - INFO - Exception caught while calling method put_device_config(): put_device_config : Retrying, Exception while config push to 30000051080
2025-04-21 15:25:39,022 - Graphiant_playbook - INFO - Sleeping for 10 seconds before retry...
2025-04-21 15:25:49,027 - Graphiant_playbook - INFO - Poller attempt: 2/12
2025-04-21 15:25:49,028 - Graphiant_playbook - INFO - Calling method put_device_config()...
2025-04-21 15:25:49,299 - Graphiant_playbook - INFO - put_device_config : Retrying,  30000051080 Portal Status: Configuring (Expected Ready)
2025-04-21 15:25:49,299 - Graphiant_playbook - INFO - Exception caught while calling method put_device_config(): put_device_config : Retrying,  30000051080 Portal Status: Configuring (Expected Ready)
2025-04-21 15:25:49,299 - Graphiant_playbook - INFO - Sleeping for 10 seconds before retry...
2025-04-21 15:25:59,300 - Graphiant_playbook - INFO - Poller attempt: 3/12
2025-04-21 15:25:59,301 - Graphiant_playbook - INFO - Calling method put_device_config()...
2025-04-21 15:25:59,593 - Graphiant_playbook - INFO - put_device_config : Retrying,  30000051080 Portal Status: Configuring (Expected Ready)
2025-04-21 15:25:59,593 - Graphiant_playbook - INFO - Exception caught while calling method put_device_config(): put_device_config : Retrying,  30000051080 Portal Status: Configuring (Expected Ready)
2025-04-21 15:25:59,593 - Graphiant_playbook - INFO - Sleeping for 10 seconds before retry...
2025-04-21 15:26:09,598 - Graphiant_playbook - INFO - Poller attempt: 4/12
2025-04-21 15:26:09,599 - Graphiant_playbook - INFO - Calling method put_device_config()...
2025-04-21 15:26:09,887 - Graphiant_playbook - INFO - put_device_config : Retrying,  30000051080 Portal Status: Configuring (Expected Ready)
2025-04-21 15:26:09,887 - Graphiant_playbook - INFO - Exception caught while calling method put_device_config(): put_device_config : Retrying,  30000051080 Portal Status: Configuring (Expected Ready)
2025-04-21 15:26:09,887 - Graphiant_playbook - INFO - Sleeping for 10 seconds before retry...
2025-04-21 15:26:19,892 - Graphiant_playbook - INFO - Poller attempt: 5/12
2025-04-21 15:26:19,893 - Graphiant_playbook - INFO - Calling method put_device_config()...
2025-04-21 15:26:20,146 - Graphiant_playbook - INFO - put_device_config : config to be pushed for 30000051080: 
{'configuration_metadata': None,
 'core': None,
 'description': None,
 'edge': {'interfaces': {'GigabitEthernet5/0/0': {'interface': {'adminStatus': False,
                                                                'description': '',
                                                                'maxTransmissionUnit': 1500}},
                         'GigabitEthernet8/0/0': {'interface': {'adminStatus': False,
                                                                'description': '',
                                                                'maxTransmissionUnit': 1500}}}},
 'local_web_server_password': None,
 'replace': None}
