2025-04-21 15:29:20,086 - Graphiant_playbook - INFO - PortalUtils : templates_path : /Users/keshav/ws/graphiant-playbooks/configs/
2025-04-21 15:29:20,086 - Graphiant_playbook - INFO - PortalUtils : config_templates : /Users/keshav/ws/graphiant-playbooks/templates/
2025-04-21 15:29:20,086 - Graphiant_playbook - INFO - PortalUtils : logs_path : /Users/keshav/ws/graphiant-playbooks/logs/
2025-04-21 15:29:22,636 - Graphiant_playbook - INFO - Poller attempt: 1/12
2025-04-21 15:29:22,637 - Graphiant_playbook - INFO - Poller attempt: 1/12
2025-04-21 15:29:22,637 - Graphiant_playbook - INFO - Calling method put_device_config()...
2025-04-21 15:29:22,637 - Graphiant_playbook - INFO - Calling method put_device_config()...
2025-04-21 15:29:22,884 - Graphiant_playbook - INFO - put_device_config : config to be pushed for 30000051080: 
{'configuration_metadata': None,
 'core': None,
 'description': None,
 'edge': {'interfaces': {'GigabitEthernet5/0/0': {'interface': {'lan': 'default-10000000288'}},
                         'GigabitEthernet8/0/0': {'interface': {'subinterfaces': {'18': {'interface': {'lan': 'default-10000000288',
                                                                                                       'vlan': 18}}}}}}},
 'local_web_server_password': None,
 'replace': None}
2025-04-21 15:29:23,092 - Graphiant_playbook - INFO - put_device_config : config to be pushed for 30000051082: 
{'configuration_metadata': None,
 'core': None,
 'description': None,
 'edge': {'interfaces': {'GigabitEthernet5/0/0': {'interface': {'lan': 'default-10000000288'}},
                         'GigabitEthernet8/0/0': {'interface': {'lan': 'default-10000000288',
                                                                'subinterfaces': {'28': {'interface': {'lan': 'default-10000000288',
                                                                                                       'vlan': 28}}}}}}},
 'local_web_server_password': None,
 'replace': None}
2025-04-21 15:29:25,580 - Graphiant_playbook - INFO - Poller attempt: 1/12
2025-04-21 15:29:25,580 - Graphiant_playbook - INFO - Calling method put_device_config()...
2025-04-21 15:29:25,580 - Graphiant_playbook - INFO - Poller attempt: 1/12
2025-04-21 15:29:25,581 - Graphiant_playbook - INFO - Calling method put_device_config()...
2025-04-21 15:29:25,737 - Graphiant_playbook - INFO - put_device_config : config to be pushed for 30000051082: 
{'configuration_metadata': None,
 'core': None,
 'description': None,
 'edge': {'interfaces': {'GigabitEthernet5/0/0': {'interface': {'adminStatus': False,
                                                                'description': '',
                                                                'maxTransmissionUnit': 1500}},
                         'GigabitEthernet8/0/0': {'interface': {'adminStatus': False,
                                                                'description': '',
                                                                'maxTransmissionUnit': 1500,
                                                                'subinterfaces': {'28': {'interface': None}}}}}},
 'local_web_server_password': None,
 'replace': None}
2025-04-21 15:29:25,828 - Graphiant_playbook - INFO - put_device_config : config to be pushed for 30000051080: 
{'configuration_metadata': None,
 'core': None,
 'description': None,
 'edge': {'interfaces': {'GigabitEthernet5/0/0': {'interface': {'adminStatus': False,
                                                                'description': '',
                                                                'maxTransmissionUnit': 1500}},
                         'GigabitEthernet8/0/0': {'interface': {'subinterfaces': {'18': {'interface': None}}}}}},
 'local_web_server_password': None,
 'replace': None}
2025-04-21 15:29:25,881 - Graphiant_playbook - WARNING - put_device_config : Exception While config push (428)
Reason: Precondition Required
HTTP response headers: HTTPHeaderDict({'Date': 'Mon, 21 Apr 2025 22:29:07 GMT', 'Content-Type': 'application/json; charset=utf-8', 'Content-Length': '298', 'Connection': 'keep-alive', 'Access-Control-Allow-Origin': '*', 'Referrer-Policy': 'no-referrer', 'Strict-Transport-Security': 'max-age=15552000; includeSubDomains', 'Access-Control-Allow-Methods': 'PATCH, DELETE, PUT, GET, POST, OPTIONS', 'Access-Control-Allow-Headers': 'Pragma, Authorization, Content-Type, Accept, Expires, Referer, Cache-Control, Baggage, Sentry-Trace', 'Content-Security-Policy': "default-src 'self';base-uri 'self';font-src 'self' https: data:;form-action 'self';frame-ancestors 'self';img-src 'self' data:;object-src 'none';script-src 'self';script-src-attr 'none';style-src 'self' https: 'unsafe-inline';upgrade-insecure-requests", 'Cross-Origin-Opener-Policy': 'same-origin', 'Cross-Origin-Resource-Policy': 'same-origin', 'Origin-Agent-Cluster': '?1', 'X-Content-Type-Options': 'nosniff', 'X-DNS-Prefetch-Control': 'off', 'X-Download-Options': 'noopen', 'X-Frame-Options': 'SAMEORIGIN', 'X-Permitted-Cross-Domain-Policies': 'none', 'X-XSS-Protection': '0', 'ETag': 'W/"12a-LZOy3Z0hMW/ZOxM72wTCbl7k4nU"', 'Set-Cookie': 'connect.sid=s%3AGKmqaxJ0xk25oUVpqdknhkQqggpY36Vw.0yBaV1%2BQJS%2Fi7q%2BP6rEEftjW6HpL7z6Mi3Js%2FaX9bUM; Path=/; HttpOnly'})
HTTP response body: b'{"errorCode":9,"displayError":"this device is not ready for a configuration push. Please retry again in some time. Consider creating a draft configuration","detailedError":"this device is not ready for a configuration push. Please retry again in some time. Consider creating a draft configuration"}'

2025-04-21 15:29:25,881 - Graphiant_playbook - INFO - Exception caught while calling method put_device_config(): put_device_config : Retrying, Exception while config push to 30000051082
2025-04-21 15:29:25,881 - Graphiant_playbook - INFO - Sleeping for 10 seconds before retry...
2025-04-21 15:29:26,070 - Graphiant_playbook - WARNING - put_device_config : Exception While config push (428)
Reason: Precondition Required
HTTP response headers: HTTPHeaderDict({'Date': 'Mon, 21 Apr 2025 22:29:08 GMT', 'Content-Type': 'application/json; charset=utf-8', 'Content-Length': '298', 'Connection': 'keep-alive', 'Access-Control-Allow-Origin': '*', 'Referrer-Policy': 'no-referrer', 'Strict-Transport-Security': 'max-age=15552000; includeSubDomains', 'Access-Control-Allow-Methods': 'PATCH, DELETE, PUT, GET, POST, OPTIONS', 'Access-Control-Allow-Headers': 'Pragma, Authorization, Content-Type, Accept, Expires, Referer, Cache-Control, Baggage, Sentry-Trace', 'Content-Security-Policy': "default-src 'self';base-uri 'self';font-src 'self' https: data:;form-action 'self';frame-ancestors 'self';img-src 'self' data:;object-src 'none';script-src 'self';script-src-attr 'none';style-src 'self' https: 'unsafe-inline';upgrade-insecure-requests", 'Cross-Origin-Opener-Policy': 'same-origin', 'Cross-Origin-Resource-Policy': 'same-origin', 'Origin-Agent-Cluster': '?1', 'X-Content-Type-Options': 'nosniff', 'X-DNS-Prefetch-Control': 'off', 'X-Download-Options': 'noopen', 'X-Frame-Options': 'SAMEORIGIN', 'X-Permitted-Cross-Domain-Policies': 'none', 'X-XSS-Protection': '0', 'ETag': 'W/"12a-LZOy3Z0hMW/ZOxM72wTCbl7k4nU"', 'Set-Cookie': 'connect.sid=s%3A55TjmjfHFIpSxOY0frqw8lsRE4LxqDNZ.8RaioqJXgEc1onsOXW46zR%2ByXdcKIT5f%2FqsFHQyhsYQ; Path=/; HttpOnly'})
HTTP response body: b'{"errorCode":9,"displayError":"this device is not ready for a configuration push. Please retry again in some time. Consider creating a draft configuration","detailedError":"this device is not ready for a configuration push. Please retry again in some time. Consider creating a draft configuration"}'

2025-04-21 15:29:26,071 - Graphiant_playbook - INFO - Exception caught while calling method put_device_config(): put_device_config : Retrying, Exception while config push to 30000051080
2025-04-21 15:29:26,071 - Graphiant_playbook - INFO - Sleeping for 10 seconds before retry...
2025-04-21 15:29:35,886 - Graphiant_playbook - INFO - Poller attempt: 2/12
2025-04-21 15:29:35,886 - Graphiant_playbook - INFO - Calling method put_device_config()...
2025-04-21 15:29:36,072 - Graphiant_playbook - INFO - Poller attempt: 2/12
2025-04-21 15:29:36,073 - Graphiant_playbook - INFO - Calling method put_device_config()...
2025-04-21 15:29:36,139 - Graphiant_playbook - INFO - put_device_config : Retrying,  30000051082 Portal Status: Configuring (Expected Ready)
2025-04-21 15:29:36,139 - Graphiant_playbook - INFO - Exception caught while calling method put_device_config(): put_device_config : Retrying,  30000051082 Portal Status: Configuring (Expected Ready)
2025-04-21 15:29:36,139 - Graphiant_playbook - INFO - Sleeping for 10 seconds before retry...
2025-04-21 15:29:36,228 - Graphiant_playbook - INFO - put_device_config : Retrying,  30000051080 Portal Status: Configuring (Expected Ready)
2025-04-21 15:29:36,229 - Graphiant_playbook - INFO - Exception caught while calling method put_device_config(): put_device_config : Retrying,  30000051080 Portal Status: Configuring (Expected Ready)
2025-04-21 15:29:36,229 - Graphiant_playbook - INFO - Sleeping for 10 seconds before retry...
2025-04-21 15:29:46,145 - Graphiant_playbook - INFO - Poller attempt: 3/12
2025-04-21 15:29:46,146 - Graphiant_playbook - INFO - Calling method put_device_config()...
2025-04-21 15:29:46,234 - Graphiant_playbook - INFO - Poller attempt: 3/12
2025-04-21 15:29:46,234 - Graphiant_playbook - INFO - Calling method put_device_config()...
2025-04-21 15:29:46,324 - Graphiant_playbook - INFO - put_device_config : Retrying,  30000051082 Portal Status: Configuring (Expected Ready)
2025-04-21 15:29:46,325 - Graphiant_playbook - INFO - Exception caught while calling method put_device_config(): put_device_config : Retrying,  30000051082 Portal Status: Configuring (Expected Ready)
2025-04-21 15:29:46,325 - Graphiant_playbook - INFO - Sleeping for 10 seconds before retry...
2025-04-21 15:29:46,481 - Graphiant_playbook - INFO - put_device_config : Retrying,  30000051080 Portal Status: Configuring (Expected Ready)
2025-04-21 15:29:46,481 - Graphiant_playbook - INFO - Exception caught while calling method put_device_config(): put_device_config : Retrying,  30000051080 Portal Status: Configuring (Expected Ready)
2025-04-21 15:29:46,482 - Graphiant_playbook - INFO - Sleeping for 10 seconds before retry...
2025-04-21 15:29:56,329 - Graphiant_playbook - INFO - Poller attempt: 4/12
2025-04-21 15:29:56,329 - Graphiant_playbook - INFO - Calling method put_device_config()...
2025-04-21 15:29:56,486 - Graphiant_playbook - INFO - Poller attempt: 4/12
2025-04-21 15:29:56,486 - Graphiant_playbook - INFO - Calling method put_device_config()...
2025-04-21 15:29:56,573 - Graphiant_playbook - INFO - put_device_config : Retrying,  30000051082 Portal Status: Configuring (Expected Ready)
2025-04-21 15:29:56,574 - Graphiant_playbook - INFO - Exception caught while calling method put_device_config(): put_device_config : Retrying,  30000051082 Portal Status: Configuring (Expected Ready)
2025-04-21 15:29:56,574 - Graphiant_playbook - INFO - Sleeping for 10 seconds before retry...
2025-04-21 15:29:56,632 - Graphiant_playbook - INFO - put_device_config : Retrying,  30000051080 Portal Status: Configuring (Expected Ready)
2025-04-21 15:29:56,633 - Graphiant_playbook - INFO - Exception caught while calling method put_device_config(): put_device_config : Retrying,  30000051080 Portal Status: Configuring (Expected Ready)
2025-04-21 15:29:56,633 - Graphiant_playbook - INFO - Sleeping for 10 seconds before retry...
2025-04-21 15:30:06,575 - Graphiant_playbook - INFO - Poller attempt: 5/12
2025-04-21 15:30:06,577 - Graphiant_playbook - INFO - Calling method put_device_config()...
2025-04-21 15:30:06,638 - Graphiant_playbook - INFO - Poller attempt: 5/12
2025-04-21 15:30:06,638 - Graphiant_playbook - INFO - Calling method put_device_config()...
2025-04-21 15:30:06,750 - Graphiant_playbook - INFO - put_device_config : config to be pushed for 30000051082: 
{'configuration_metadata': None,
 'core': None,
 'description': None,
 'edge': {'interfaces': {'GigabitEthernet5/0/0': {'interface': {'adminStatus': False,
                                                                'description': '',
                                                                'maxTransmissionUnit': 1500}},
                         'GigabitEthernet8/0/0': {'interface': {'adminStatus': False,
                                                                'description': '',
                                                                'maxTransmissionUnit': 1500,
                                                                'subinterfaces': {'28': {'interface': None}}}}}},
 'local_web_server_password': None,
 'replace': None}
2025-04-21 15:30:06,886 - Graphiant_playbook - INFO - put_device_config : config to be pushed for 30000051080: 
{'configuration_metadata': None,
 'core': None,
 'description': None,
 'edge': {'interfaces': {'GigabitEthernet5/0/0': {'interface': {'adminStatus': False,
                                                                'description': '',
                                                                'maxTransmissionUnit': 1500}},
                         'GigabitEthernet8/0/0': {'interface': {'subinterfaces': {'18': {'interface': None}}}}}},
 'local_web_server_password': None,
 'replace': None}
